0 info it worked if it ends with ok
1 verbose cli [ '/usr/local/bin/node', '/usr/local/bin/npm', 'start' ]
2 info using npm@3.8.7
3 info using node@v4.4.3
4 verbose run-script [ 'prestart', 'start', 'poststart' ]
5 info lifecycle miniwebsite@0.0.0~prestart: miniwebsite@0.0.0
6 silly lifecycle miniwebsite@0.0.0~prestart: no script for prestart, continuing
7 info lifecycle miniwebsite@0.0.0~start: miniwebsite@0.0.0
8 verbose lifecycle miniwebsite@0.0.0~start: unsafe-perm in lifecycle true
9 verbose lifecycle miniwebsite@0.0.0~start: PATH: /usr/local/lib/node_modules/npm/bin/node-gyp-bin:/home/demo/Documents/node.js-projects/miniwebsite/node_modules/.bin:/usr/local/bin:/home/demo/Documents/mongodb/mongodb-linux-x86_64-ubuntu1404-3.2.5/bin:/home/demo/Documents/mongodb/mongodb-linux-x86_64-ubuntu1404-3.2.5/bin:/usr/local/sbin:/usr/local/bin:/usr/sbin:/usr/bin:/sbin:/bin:/usr/games:/usr/local/games:/usr/share/adt-bundle/eclipse:/usr/share/android-ndk/:/usr/share/android-sdk/sdk/tools:/usr/share/android-sdk/sdk/platform-tools:/usr/share/android-sdk/sdk/tools/proguard/bin:/usr/share/android-sdk/sdk/build-tools/android-4.4W
10 verbose lifecycle miniwebsite@0.0.0~start: CWD: /home/demo/Documents/node.js-projects/miniwebsite
11 silly lifecycle miniwebsite@0.0.0~start: Args: [ '-c', 'node ./bin/www' ]
12 silly lifecycle miniwebsite@0.0.0~start: Returned: code: 1  signal: null
13 info lifecycle miniwebsite@0.0.0~start: Failed to exec start script
14 verbose stack Error: miniwebsite@0.0.0 start: `node ./bin/www`
14 verbose stack Exit status 1
14 verbose stack     at EventEmitter.<anonymous> (/usr/local/lib/node_modules/npm/lib/utils/lifecycle.js:244:16)
14 verbose stack     at emitTwo (events.js:87:13)
14 verbose stack     at EventEmitter.emit (events.js:172:7)
14 verbose stack     at ChildProcess.<anonymous> (/usr/local/lib/node_modules/npm/lib/utils/spawn.js:24:14)
14 verbose stack     at emitTwo (events.js:87:13)
14 verbose stack     at ChildProcess.emit (events.js:172:7)
14 verbose stack     at maybeClose (internal/child_process.js:827:16)
14 verbose stack     at Process.ChildProcess._handle.onexit (internal/child_process.js:211:5)
15 verbose pkgid miniwebsite@0.0.0
16 verbose cwd /home/demo/Documents/node.js-projects/miniwebsite
17 error Linux 3.13.0-35-generic
18 error argv "/usr/local/bin/node" "/usr/local/bin/npm" "start"
19 error node v4.4.3
20 error npm  v3.8.7
21 error code ELIFECYCLE
22 error miniwebsite@0.0.0 start: `node ./bin/www`
22 error Exit status 1
23 error Failed at the miniwebsite@0.0.0 start script 'node ./bin/www'.
23 error Make sure you have the latest version of node.js and npm installed.
23 error If you do, this is most likely a problem with the miniwebsite package,
23 error not with npm itself.
23 error Tell the author that this fails on your system:
23 error     node ./bin/www
23 error You can get information on how to open an issue for this project with:
23 error     npm bugs miniwebsite
23 error Or if that isn't available, you can get their info via:
23 error     npm owner ls miniwebsite
23 error There is likely additional logging output above.
24 verbose exit [ 1, true ]
